11:32:42,862  INFO Ajanda:178 - AJANDA STARTED! Time: 27-07-2012 11:32:42
11:32:58,072  INFO Ajanda:153 - CLOSING X: 873
11:32:58,072  INFO Ajanda:154 - CLOSING Y: 124
11:32:58,088  INFO Ajanda:164 - AJANDA CLOSED! Time: 27-07-2012 11:32:58
11:46:32,801  INFO Ajanda:182 - AJANDA STARTED! Time: 27-07-2012 11:46:32
11:46:44,190  INFO Ajanda:157 - CLOSING X: 873
11:46:44,190  INFO Ajanda:158 - CLOSING Y: 124
11:46:44,205  INFO Ajanda:168 - AJANDA CLOSED! Time: 27-07-2012 11:46:44
11:47:12,500  INFO Ajanda:183 - AJANDA STARTED! Time: 27-07-2012 11:47:12
11:47:33,607  INFO Ajanda:155 - CLOSING X: 873
11:47:33,607  INFO Ajanda:156 - CLOSING Y: 124
11:47:33,622  INFO Ajanda:166 - AJANDA CLOSED! Time: 27-07-2012 11:47:33
11:48:03,281  INFO Ajanda:181 - AJANDA STARTED! Time: 27-07-2012 11:48:03
11:48:08,117  INFO Ajanda:155 - CLOSING X: 873
11:48:08,117  INFO Ajanda:156 - CLOSING Y: 124
11:48:08,133  INFO Ajanda:166 - AJANDA CLOSED! Time: 27-07-2012 11:48:08
11:49:45,506  INFO Ajanda:181 - AJANDA STARTED! Time: 27-07-2012 11:49:45
11:49:59,132  INFO Ajanda:181 - AJANDA STARTED! Time: 27-07-2012 11:49:59
11:50:00,474  INFO Ajanda:155 - CLOSING X: 873
11:50:00,474  INFO Ajanda:156 - CLOSING Y: 124
11:50:00,490  INFO Ajanda:166 - AJANDA CLOSED! Time: 27-07-2012 11:50:00
11:50:22,848  INFO Ajanda:181 - AJANDA STARTED! Time: 27-07-2012 11:50:22
11:50:28,402  INFO Ajanda:155 - CLOSING X: 873
11:50:28,402  INFO Ajanda:156 - CLOSING Y: 124
11:50:28,417  INFO Ajanda:166 - AJANDA CLOSED! Time: 27-07-2012 11:50:28
11:51:28,551  INFO Ajanda:180 - AJANDA STARTED! Time: 27-07-2012 11:51:28
11:51:31,827  INFO Ajanda:154 - CLOSING X: 873
11:51:31,843  INFO Ajanda:155 - CLOSING Y: 124
11:51:31,859  INFO Ajanda:165 - AJANDA CLOSED! Time: 27-07-2012 11:51:31
11:51:46,425  INFO Ajanda:182 - AJANDA STARTED! Time: 27-07-2012 11:51:46
11:51:49,639  INFO Ajanda:156 - CLOSING X: 873
11:51:49,639  INFO Ajanda:157 - CLOSING Y: 124
11:51:49,654  INFO Ajanda:167 - AJANDA CLOSED! Time: 27-07-2012 11:51:49
11:55:08,728  INFO Ajanda:185 - AJANDA STARTED! Time: 27-07-2012 11:55:08
11:55:10,771  INFO Ajanda:159 - CLOSING X: 873
11:55:10,771  INFO Ajanda:160 - CLOSING Y: 124
11:55:10,787  INFO Ajanda:170 - AJANDA CLOSED! Time: 27-07-2012 11:55:10
11:55:10,850 ERROR Ajanda:253 - THREAD NOT WORKING!
11:55:10,850 ERROR Ajanda:254 - AJANDA APPLICATION IS STOPPED!
11:55:35,410  INFO Ajanda:184 - AJANDA STARTED! Time: 27-07-2012 11:55:35
11:55:39,996  INFO Ajanda:155 - CLOSING X: 873
11:55:39,996  INFO Ajanda:156 - CLOSING Y: 124
11:55:40,028  INFO Ajanda:166 - AJANDA CLOSED! Time: 27-07-2012 11:55:40
11:55:46,644  INFO Ajanda:158 - CLOSING X: 873
11:55:46,644  INFO Ajanda:159 - CLOSING Y: 124
11:55:46,659  INFO Ajanda:169 - AJANDA CLOSED! Time: 27-07-2012 11:55:46
11:55:46,738 ERROR Ajanda:252 - THREAD NOT WORKING!
11:55:46,738 ERROR Ajanda:253 - AJANDA APPLICATION IS STOPPED!
11:56:14,978  INFO Ajanda:184 - AJANDA STARTED! Time: 27-07-2012 11:56:14
11:56:16,819  INFO Ajanda:158 - CLOSING X: 873
11:56:16,819  INFO Ajanda:159 - CLOSING Y: 124
11:56:16,835  INFO Ajanda:169 - AJANDA CLOSED! Time: 27-07-2012 11:56:16
11:56:55,322  INFO Ajanda:179 - AJANDA STARTED! Time: 27-07-2012 11:56:55
11:57:18,785  INFO Ajanda:153 - CLOSING X: 873
11:57:18,785  INFO Ajanda:154 - CLOSING Y: 124
11:57:18,800  INFO Ajanda:164 - AJANDA CLOSED! Time: 27-07-2012 11:57:18
14:22:33,924  INFO Ajanda:179 - AJANDA STARTED! Time: 27-07-2012 14:22:33
14:28:08,249  INFO Ajanda:153 - CLOSING X: 873
14:28:08,249  INFO Ajanda:154 - CLOSING Y: 124
14:28:08,344  INFO Ajanda:164 - AJANDA CLOSED! Time: 27-07-2012 14:28:08
14:28:45,145  INFO Ajanda:177 - AJANDA STARTED! Time: 27-07-2012 14:28:45
14:28:46,409  INFO Ajanda:151 - CLOSING X: 873
14:28:46,409  INFO Ajanda:152 - CLOSING Y: 124
14:28:46,425  INFO Ajanda:162 - AJANDA CLOSED! Time: 27-07-2012 14:28:46
14:36:06,320  INFO Ajanda:177 - AJANDA STARTED! Time: 27-07-2012 14:36:06
14:37:29,716  INFO Ajanda:177 - AJANDA STARTED! Time: 27-07-2012 14:37:29
14:37:42,305  INFO Ajanda:151 - CLOSING X: 873
14:37:42,336  INFO Ajanda:152 - CLOSING Y: 124
14:37:42,352  INFO Ajanda:162 - AJANDA CLOSED! Time: 27-07-2012 14:37:42
14:38:06,234  INFO Ajanda:177 - AJANDA STARTED! Time: 27-07-2012 14:38:06
14:38:12,661  INFO Ajanda:151 - CLOSING X: 873
14:38:12,661  INFO Ajanda:152 - CLOSING Y: 124
14:38:12,676  INFO Ajanda:162 - AJANDA CLOSED! Time: 27-07-2012 14:38:12
14:38:44,201  INFO Ajanda:177 - AJANDA STARTED! Time: 27-07-2012 14:38:44
14:39:13,420  INFO Ajanda:151 - CLOSING X: 873
14:39:13,420  INFO Ajanda:152 - CLOSING Y: 124
14:39:13,436  INFO Ajanda:162 - AJANDA CLOSED! Time: 27-07-2012 14:39:13
14:39:24,102  INFO Ajanda:177 - AJANDA STARTED! Time: 27-07-2012 14:39:24
14:39:30,576  INFO Ajanda:151 - CLOSING X: 873
14:39:30,576  INFO Ajanda:152 - CLOSING Y: 124
14:39:30,592  INFO Ajanda:162 - AJANDA CLOSED! Time: 27-07-2012 14:39:30
14:39:35,353  INFO Ajanda:177 - AJANDA STARTED! Time: 27-07-2012 14:39:35
14:39:41,749  INFO Ajanda:151 - CLOSING X: 873
14:39:41,749  INFO Ajanda:152 - CLOSING Y: 124
14:39:41,765  INFO Ajanda:162 - AJANDA CLOSED! Time: 27-07-2012 14:39:41
14:39:47,658  INFO Ajanda:177 - AJANDA STARTED! Time: 27-07-2012 14:39:47
14:40:13,616  INFO Ajanda:151 - CLOSING X: 873
14:40:13,616  INFO Ajanda:152 - CLOSING Y: 124
14:40:13,632  INFO Ajanda:162 - AJANDA CLOSED! Time: 27-07-2012 14:40:13
14:42:18,342  INFO Ajanda:177 - AJANDA STARTED! Time: 27-07-2012 14:42:18
14:42:25,767  INFO Ajanda:151 - CLOSING X: 873
14:42:25,783  INFO Ajanda:152 - CLOSING Y: 124
14:42:25,799  INFO Ajanda:162 - AJANDA CLOSED! Time: 27-07-2012 14:42:25
14:42:34,642  INFO Ajanda:177 - AJANDA STARTED! Time: 27-07-2012 14:42:34
14:42:41,178  INFO Ajanda:151 - CLOSING X: 873
14:42:41,178  INFO Ajanda:152 - CLOSING Y: 124
14:42:41,209  INFO Ajanda:162 - AJANDA CLOSED! Time: 27-07-2012 14:42:41
14:54:16,031  INFO Ajanda:177 - AJANDA STARTED! Time: 27-07-2012 14:54:16
14:54:21,944  INFO Ajanda:151 - CLOSING X: 873
14:54:21,944  INFO Ajanda:152 - CLOSING Y: 124
14:54:21,960  INFO Ajanda:162 - AJANDA CLOSED! Time: 27-07-2012 14:54:21
14:54:55,714  INFO Ajanda:177 - AJANDA STARTED! Time: 27-07-2012 14:54:55
14:55:08,204  INFO Ajanda:177 - AJANDA STARTED! Time: 27-07-2012 14:55:08
14:55:14,147  INFO Ajanda:151 - CLOSING X: 873
14:55:14,147  INFO Ajanda:152 - CLOSING Y: 124
14:55:14,163  INFO Ajanda:162 - AJANDA CLOSED! Time: 27-07-2012 14:55:14
14:55:21,101  INFO Ajanda:177 - AJANDA STARTED! Time: 27-07-2012 14:55:21
14:55:25,375  INFO Ajanda:151 - CLOSING X: 873
14:55:25,375  INFO Ajanda:152 - CLOSING Y: 124
14:55:25,407  INFO Ajanda:162 - AJANDA CLOSED! Time: 27-07-2012 14:55:25
14:55:30,005  INFO Ajanda:177 - AJANDA STARTED! Time: 27-07-2012 14:55:30
14:55:48,740  INFO Ajanda:151 - CLOSING X: 873
14:55:48,740  INFO Ajanda:152 - CLOSING Y: 124
14:55:48,756  INFO Ajanda:162 - AJANDA CLOSED! Time: 27-07-2012 14:55:48
14:55:58,876  INFO Ajanda:177 - AJANDA STARTED! Time: 27-07-2012 14:55:58
14:57:19,575  INFO Ajanda:151 - CLOSING X: 873
14:57:19,575  INFO Ajanda:152 - CLOSING Y: 124
14:57:19,606  INFO Ajanda:162 - AJANDA CLOSED! Time: 27-07-2012 14:57:19
15:00:25,296  INFO Ajanda:151 - CLOSING X: 873
15:00:25,311  INFO Ajanda:152 - CLOSING Y: 124
15:00:25,327  INFO Ajanda:162 - AJANDA CLOSED! Time: 27-07-2012 15:00:25
15:01:17,932  INFO Ajanda:177 - AJANDA STARTED! Time: 27-07-2012 15:01:17
15:01:33,790  INFO Ajanda:151 - CLOSING X: 873
15:01:33,790  INFO Ajanda:152 - CLOSING Y: 124
15:01:33,821  INFO Ajanda:162 - AJANDA CLOSED! Time: 27-07-2012 15:01:33
15:03:58,742  INFO Ajanda:177 - AJANDA STARTED! Time: 27-07-2012 15:03:58
15:05:14,152  INFO Ajanda:151 - CLOSING X: 873
15:05:14,152  INFO Ajanda:152 - CLOSING Y: 124
15:05:14,168  INFO Ajanda:162 - AJANDA CLOSED! Time: 27-07-2012 15:05:14
15:06:45,221  INFO Ajanda:177 - AJANDA STARTED! Time: 27-07-2012 15:06:45
15:06:46,313  INFO Ajanda:151 - CLOSING X: 873
15:06:46,329  INFO Ajanda:152 - CLOSING Y: 124
15:06:46,344  INFO Ajanda:162 - AJANDA CLOSED! Time: 27-07-2012 15:06:46
15:09:50,226  INFO Ajanda:177 - AJANDA STARTED! Time: 27-07-2012 15:09:50
15:09:54,328 ERROR Veritabani:133 - DEPO GÖRÜNTÜLENEMEDÝ!
15:09:56,733 ERROR Veritabani:133 - DEPO GÖRÜNTÜLENEMEDÝ!
15:10:00,416  INFO Ajanda:151 - CLOSING X: 873
15:10:00,416  INFO Ajanda:152 - CLOSING Y: 124
15:10:00,461  INFO Ajanda:162 - AJANDA CLOSED! Time: 27-07-2012 15:10:00
15:10:00,554 ERROR Ajanda:245 - THREAD NOT WORKING!
15:10:00,554 ERROR Ajanda:246 - AJANDA APPLICATION IS STOPPED!
15:10:54,751  INFO Ajanda:179 - AJANDA STARTED! Time: 27-07-2012 15:10:54
15:11:02,442 ERROR Veritabani:133 - DEPO GÖRÜNTÜLENEMEDÝ!
15:11:06,266  INFO Ajanda:153 - CLOSING X: 873
15:11:06,282  INFO Ajanda:154 - CLOSING Y: 124
15:11:06,334  INFO Ajanda:164 - AJANDA CLOSED! Time: 27-07-2012 15:11:06
15:11:58,794  INFO Ajanda:177 - AJANDA STARTED! Time: 27-07-2012 15:11:58
15:12:16,844  INFO Ajanda:151 - CLOSING X: 873
15:12:16,844  INFO Ajanda:152 - CLOSING Y: 124
15:12:16,876  INFO Ajanda:162 - AJANDA CLOSED! Time: 27-07-2012 15:12:16
15:12:35,819  INFO Ajanda:177 - AJANDA STARTED! Time: 27-07-2012 15:12:35
15:12:48,611  INFO Ajanda:151 - CLOSING X: 873
15:12:48,611  INFO Ajanda:152 - CLOSING Y: 124
15:12:48,662  INFO Ajanda:162 - AJANDA CLOSED! Time: 27-07-2012 15:12:48
15:13:27,019  INFO Ajanda:177 - AJANDA STARTED! Time: 27-07-2012 15:13:27
15:13:31,543 ERROR Veritabani:133 - DEPO GÖRÜNTÜLENEMEDÝ!
15:13:34,166 ERROR Veritabani:133 - DEPO GÖRÜNTÜLENEMEDÝ!
15:13:35,463 ERROR Veritabani:133 - DEPO GÖRÜNTÜLENEMEDÝ!
15:13:38,366  INFO Ajanda:151 - CLOSING X: 873
15:13:38,366  INFO Ajanda:152 - CLOSING Y: 124
15:13:38,382  INFO Ajanda:162 - AJANDA CLOSED! Time: 27-07-2012 15:13:38
15:14:15,290  INFO Ajanda:177 - AJANDA STARTED! Time: 27-07-2012 15:14:15
15:14:47,051  INFO Ajanda:151 - CLOSING X: 873
15:14:47,051  INFO Ajanda:152 - CLOSING Y: 124
15:14:47,067  INFO Ajanda:162 - AJANDA CLOSED! Time: 27-07-2012 15:14:47
15:18:43,263  INFO Ajanda:177 - AJANDA STARTED! Time: 27-07-2012 15:18:43
15:19:01,390  INFO Ajanda:151 - CLOSING X: 873
15:19:01,390  INFO Ajanda:152 - CLOSING Y: 124
15:19:01,406  INFO Ajanda:162 - AJANDA CLOSED! Time: 27-07-2012 15:19:01
15:19:06,292  INFO Ajanda:177 - AJANDA STARTED! Time: 27-07-2012 15:19:06
15:19:11,425  INFO Ajanda:151 - CLOSING X: 873
15:19:11,425  INFO Ajanda:152 - CLOSING Y: 124
15:19:11,440  INFO Ajanda:162 - AJANDA CLOSED! Time: 27-07-2012 15:19:11
15:19:11,466 ERROR Ajanda:245 - THREAD NOT WORKING!
15:19:11,466 ERROR Ajanda:246 - AJANDA APPLICATION IS STOPPED!
15:19:17,763  INFO Ajanda:177 - AJANDA STARTED! Time: 27-07-2012 15:19:17
15:19:28,809  INFO Ajanda:151 - CLOSING X: 873
15:19:28,809  INFO Ajanda:152 - CLOSING Y: 124
15:19:28,825  INFO Ajanda:162 - AJANDA CLOSED! Time: 27-07-2012 15:19:28
14:56:05,807  INFO Ajanda:177 - AJANDA STARTED! Time: 28-07-2012 14:56:05
14:56:06,839 ERROR Ajanda:245 - THREAD NOT WORKING!
14:56:06,839 ERROR Ajanda:246 - AJANDA APPLICATION IS STOPPED!
